{
  "stats": {
    "suites": 1,
    "tests": 19,
    "passes": 19,
    "pending": 0,
    "failures": 0,
    "start": "2023-10-21T07:35:52.136Z",
    "end": "2023-10-21T07:36:35.398Z",
    "duration": 43262,
    "testsRegistered": 19,
    "passPercent": 100,
    "pendingPercent": 0,
    "other": 0,
    "hasOther": false,
    "skipped": 0,
    "hasSkipped": false
  },
  "results": [
    {
      "uuid": "7a4e75a3-0d6a-4e8b-a170-e3196fc49394",
      "title": "",
      "fullFile": "cypress\\e2e\\BundleWallet.cy.js",
      "file": "cypress\\e2e\\BundleWallet.cy.js",
      "beforeHooks": [],
      "afterHooks": [],
      "tests": [],
      "suites": [
        {
          "uuid": "92e76b73-137d-4a81-bf98-20b5286addef",
          "title": "Bundle Wallet",
          "fullFile": "",
          "file": "",
          "beforeHooks": [],
          "afterHooks": [],
          "tests": [
            {
              "title": "URL link should be Accessible",
              "fullTitle": "Bundle Wallet URL link should be Accessible",
              "timedOut": null,
              "duration": 1932,
              "state": "passed",
              "speed": "fast",
              "pass": true,
              "fail": false,
              "pending": false,
              "context": null,
              "code": "ln.LinkAccessibility();",
              "err": {},
              "uuid": "d3b4af2d-2bb9-4e11-8ff2-944bbb39f236",
              "parentUUID": "92e76b73-137d-4a81-bf98-20b5286addef",
              "isHook": false,
              "skipped": false
            },
            {
              "title": "Homepage should display a Choose file Button",
              "fullTitle": "Bundle Wallet Homepage should display a Choose file Button",
              "timedOut": null,
              "duration": 898,
              "state": "passed",
              "speed": "fast",
              "pass": true,
              "fail": false,
              "pending": false,
              "context": null,
              "code": "ln.HomeDisplay();",
              "err": {},
              "uuid": "04471484-0031-4813-80b3-5603d4416b16",
              "parentUUID": "92e76b73-137d-4a81-bf98-20b5286addef",
              "isHook": false,
              "skipped": false
            },
            {
              "title": "User should be able to upload a file format apart from CSV",
              "fullTitle": "Bundle Wallet User should be able to upload a file format apart from CSV",
              "timedOut": null,
              "duration": 633,
              "state": "passed",
              "speed": "fast",
              "pass": true,
              "fail": false,
              "pending": false,
              "context": null,
              "code": "ln.SetUnsupportedFile();",
              "err": {},
              "uuid": "703e0849-7d4d-48b9-8ad3-62687506c625",
              "parentUUID": "92e76b73-137d-4a81-bf98-20b5286addef",
              "isHook": false,
              "skipped": false
            },
            {
              "title": "User should upload a CSV file format",
              "fullTitle": "Bundle Wallet User should upload a CSV file format",
              "timedOut": null,
              "duration": 450,
              "state": "passed",
              "speed": "fast",
              "pass": true,
              "fail": false,
              "pending": false,
              "context": null,
              "code": "ln.SetSupportedFile();",
              "err": {},
              "uuid": "c419c76b-1ad2-4805-a6a5-570f2982ef9f",
              "parentUUID": "92e76b73-137d-4a81-bf98-20b5286addef",
              "isHook": false,
              "skipped": false
            },
            {
              "title": "Parse Invoice file button should be visible",
              "fullTitle": "Bundle Wallet Parse Invoice file button should be visible",
              "timedOut": null,
              "duration": 525,
              "state": "passed",
              "speed": "fast",
              "pass": true,
              "fail": false,
              "pending": false,
              "context": null,
              "code": "ln.ButtonVisibility();",
              "err": {},
              "uuid": "73310689-b8fc-4809-b6cb-883fe91c7869",
              "parentUUID": "92e76b73-137d-4a81-bf98-20b5286addef",
              "isHook": false,
              "skipped": false
            },
            {
              "title": "Validate that there is a \"Click Here\" button to download sample CSV file",
              "fullTitle": "Bundle Wallet Validate that there is a \"Click Here\" button to download sample CSV file",
              "timedOut": null,
              "duration": 530,
              "state": "passed",
              "speed": "fast",
              "pass": true,
              "fail": false,
              "pending": false,
              "context": null,
              "code": "ln.ClickHereButton();",
              "err": {},
              "uuid": "3e95dd77-ffe2-4720-b7ce-ec3aec4c4ff0",
              "parentUUID": "92e76b73-137d-4a81-bf98-20b5286addef",
              "isHook": false,
              "skipped": false
            },
            {
              "title": "The download sample document link on the website should be responsive",
              "fullTitle": "Bundle Wallet The download sample document link on the website should be responsive",
              "timedOut": null,
              "duration": 446,
              "state": "passed",
              "speed": "fast",
              "pass": true,
              "fail": false,
              "pending": false,
              "context": null,
              "code": "ln.DownloadLink();",
              "err": {},
              "uuid": "4f193223-3688-4182-9b81-92e7051041f7",
              "parentUUID": "92e76b73-137d-4a81-bf98-20b5286addef",
              "isHook": false,
              "skipped": false
            },
            {
              "title": "Web App should not parse files that are not csv format",
              "fullTitle": "Bundle Wallet Web App should not parse files that are not csv format",
              "timedOut": null,
              "duration": 7782,
              "state": "passed",
              "speed": "medium",
              "pass": true,
              "fail": false,
              "pending": false,
              "context": null,
              "code": "ln.SetUnsupportedFile();\nln.NotParseUnsupportedFile();",
              "err": {},
              "uuid": "a059937a-2391-4d3e-8ecf-e87ad0406c28",
              "parentUUID": "92e76b73-137d-4a81-bf98-20b5286addef",
              "isHook": false,
              "skipped": false
            },
            {
              "title": "Validate that a alert message (Please wait while we parse the uploaded file) shows when parsing files",
              "fullTitle": "Bundle Wallet Validate that a alert message (Please wait while we parse the uploaded file) shows when parsing files",
              "timedOut": null,
              "duration": 555,
              "state": "passed",
              "speed": "fast",
              "pass": true,
              "fail": false,
              "pending": false,
              "context": null,
              "code": "ln.SetUnsupportedFile();\nln.AlertMsgFileProcessing();",
              "err": {},
              "uuid": "766cdf1e-7d1e-4787-af62-b48974572ac1",
              "parentUUID": "92e76b73-137d-4a81-bf98-20b5286addef",
              "isHook": false,
              "skipped": false
            },
            {
              "title": "Web app should accurately parse the csv file",
              "fullTitle": "Bundle Wallet Web app should accurately parse the csv file",
              "timedOut": null,
              "duration": 1629,
              "state": "passed",
              "speed": "fast",
              "pass": true,
              "fail": false,
              "pending": false,
              "context": null,
              "code": "ln.SetSupportedFile();\nln.ParseSupportedFile();",
              "err": {},
              "uuid": "f1353735-f1db-4ca5-be99-766e83802464",
              "parentUUID": "92e76b73-137d-4a81-bf98-20b5286addef",
              "isHook": false,
              "skipped": false
            },
            {
              "title": "Web App response time for parsing and displaying should be less than 300ms",
              "fullTitle": "Bundle Wallet Web App response time for parsing and displaying should be less than 300ms",
              "timedOut": null,
              "duration": 905,
              "state": "passed",
              "speed": "fast",
              "pass": true,
              "fail": false,
              "pending": false,
              "context": null,
              "code": "ln.SetSupportedFile();\nln.ResponseTime();",
              "err": {},
              "uuid": "9690b754-9bdf-4851-bc5b-bfdf7027d12b",
              "parentUUID": "92e76b73-137d-4a81-bf98-20b5286addef",
              "isHook": false,
              "skipped": false
            },
            {
              "title": "Web app should  correctly handle unsupported file types when attempting to upload a JPG ,PDF,XLSX.",
              "fullTitle": "Bundle Wallet Web app should  correctly handle unsupported file types when attempting to upload a JPG ,PDF,XLSX.",
              "timedOut": null,
              "duration": 10180,
              "state": "passed",
              "speed": "slow",
              "pass": true,
              "fail": false,
              "pending": false,
              "context": null,
              "code": "ln.SetUnsupportedFile();\nln.ErrorDisplayCheck();",
              "err": {},
              "uuid": "08ced31b-4aeb-4634-859d-1ade93c30023",
              "parentUUID": "92e76b73-137d-4a81-bf98-20b5286addef",
              "isHook": false,
              "skipped": false
            },
            {
              "title": "When CSV file is uploaded basic informations(Company name and Invoice Value) should be captured",
              "fullTitle": "Bundle Wallet When CSV file is uploaded basic informations(Company name and Invoice Value) should be captured",
              "timedOut": null,
              "duration": 843,
              "state": "passed",
              "speed": "fast",
              "pass": true,
              "fail": false,
              "pending": false,
              "context": null,
              "code": "ln.SetSupportedFile();\nln.ResponseBodyCheck();",
              "err": {},
              "uuid": "b09a0172-66d1-4c34-b076-a1aa43f8f24f",
              "parentUUID": "92e76b73-137d-4a81-bf98-20b5286addef",
              "isHook": false,
              "skipped": false
            },
            {
              "title": "Validate that when you Click on any Company name, you get the billable hours per company",
              "fullTitle": "Bundle Wallet Validate that when you Click on any Company name, you get the billable hours per company",
              "timedOut": null,
              "duration": 1335,
              "state": "passed",
              "speed": "fast",
              "pass": true,
              "fail": false,
              "pending": false,
              "context": null,
              "code": "ln.SetSupportedFile();\nln.ParseSupportedFile();\nln.CompanyInvoiceCheck();",
              "err": {},
              "uuid": "c4cbfa74-f34d-447f-9449-a1b5d9b2097b",
              "parentUUID": "92e76b73-137d-4a81-bf98-20b5286addef",
              "isHook": false,
              "skipped": false
            },
            {
              "title": "Web App response time for displaying each company invoice is less than 150ms",
              "fullTitle": "Bundle Wallet Web App response time for displaying each company invoice is less than 150ms",
              "timedOut": null,
              "duration": 859,
              "state": "passed",
              "speed": "fast",
              "pass": true,
              "fail": false,
              "pending": false,
              "context": null,
              "code": "ln.ResponseTimeCompanyInvoice();",
              "err": {},
              "uuid": "1f122eeb-cd45-4171-93b1-4c831b017efe",
              "parentUUID": "92e76b73-137d-4a81-bf98-20b5286addef",
              "isHook": false,
              "skipped": false
            },
            {
              "title": "Verify alert message displays when loading each company (eg. Google) invoice",
              "fullTitle": "Bundle Wallet Verify alert message displays when loading each company (eg. Google) invoice",
              "timedOut": null,
              "duration": 1734,
              "state": "passed",
              "speed": "fast",
              "pass": true,
              "fail": false,
              "pending": false,
              "context": null,
              "code": "ln.AlertMessageForCompanyInvoice();",
              "err": {},
              "uuid": "a1680af4-9793-45f5-8de0-5229a110fdba",
              "parentUUID": "92e76b73-137d-4a81-bf98-20b5286addef",
              "isHook": false,
              "skipped": false
            },
            {
              "title": "Validate that the total billable cost is correct when company name is selected",
              "fullTitle": "Bundle Wallet Validate that the total billable cost is correct when company name is selected",
              "timedOut": null,
              "duration": 1582,
              "state": "passed",
              "speed": "fast",
              "pass": true,
              "fail": false,
              "pending": false,
              "context": null,
              "code": "ln.SetSupportedFile();\nln.ParseSupportedFile();\nln.CompanyInvoiceCheck();\nln.BillableTotalAmtCheck();",
              "err": {},
              "uuid": "20d0b22d-5d18-47ed-97ea-310585ca0af4",
              "parentUUID": "92e76b73-137d-4a81-bf98-20b5286addef",
              "isHook": false,
              "skipped": false
            },
            {
              "title": "Validate that you can go back to check results after opening a company bill invoice",
              "fullTitle": "Bundle Wallet Validate that you can go back to check results after opening a company bill invoice",
              "timedOut": null,
              "duration": 3148,
              "state": "passed",
              "speed": "fast",
              "pass": true,
              "fail": false,
              "pending": false,
              "context": null,
              "code": "ln.BackToResult();",
              "err": {},
              "uuid": "84adf483-840e-4053-87e9-47346a59d977",
              "parentUUID": "92e76b73-137d-4a81-bf98-20b5286addef",
              "isHook": false,
              "skipped": false
            },
            {
              "title": "Validate that you can click on (Parse New File) after opening a company bill invoice",
              "fullTitle": "Bundle Wallet Validate that you can click on (Parse New File) after opening a company bill invoice",
              "timedOut": null,
              "duration": 1326,
              "state": "passed",
              "speed": "fast",
              "pass": true,
              "fail": false,
              "pending": false,
              "context": null,
              "code": "ln.ParseNewFile();",
              "err": {},
              "uuid": "051f1081-85b6-409e-84e4-fbaae68a3813",
              "parentUUID": "92e76b73-137d-4a81-bf98-20b5286addef",
              "isHook": false,
              "skipped": false
            }
          ],
          "suites": [],
          "passes": [
            "d3b4af2d-2bb9-4e11-8ff2-944bbb39f236",
            "04471484-0031-4813-80b3-5603d4416b16",
            "703e0849-7d4d-48b9-8ad3-62687506c625",
            "c419c76b-1ad2-4805-a6a5-570f2982ef9f",
            "73310689-b8fc-4809-b6cb-883fe91c7869",
            "3e95dd77-ffe2-4720-b7ce-ec3aec4c4ff0",
            "4f193223-3688-4182-9b81-92e7051041f7",
            "a059937a-2391-4d3e-8ecf-e87ad0406c28",
            "766cdf1e-7d1e-4787-af62-b48974572ac1",
            "f1353735-f1db-4ca5-be99-766e83802464",
            "9690b754-9bdf-4851-bc5b-bfdf7027d12b",
            "08ced31b-4aeb-4634-859d-1ade93c30023",
            "b09a0172-66d1-4c34-b076-a1aa43f8f24f",
            "c4cbfa74-f34d-447f-9449-a1b5d9b2097b",
            "1f122eeb-cd45-4171-93b1-4c831b017efe",
            "a1680af4-9793-45f5-8de0-5229a110fdba",
            "20d0b22d-5d18-47ed-97ea-310585ca0af4",
            "84adf483-840e-4053-87e9-47346a59d977",
            "051f1081-85b6-409e-84e4-fbaae68a3813"
          ],
          "failures": [],
          "pending": [],
          "skipped": [],
          "duration": 37292,
          "root": false,
          "rootEmpty": false,
          "_timeout": 2000
        }
      ],
      "passes": [],
      "failures": [],
      "pending": [],
      "skipped": [],
      "duration": 0,
      "root": true,
      "rootEmpty": true,
      "_timeout": 2000
    }
  ],
  "meta": {
    "mocha": {
      "version": "7.0.1"
    },
    "mochawesome": {
      "options": {
        "quiet": false,
        "reportFilename": "mochawesome",
        "saveHtml": true,
        "saveJson": true,
        "consoleReporter": "spec",
        "useInlineDiffs": false,
        "code": true
      },
      "version": "7.1.3"
    },
    "marge": {
      "options": {
        "id": "default"
      },
      "version": "6.2.0"
    }
  }
}